[RESTART (version 1) 01:40:52] --------------------------------------------------------------------
[INFO (version 1) 01:40:52] The server was restarted
[INFO (version 1) 01:40:52] msf.db (sqlite) took 640 ms to connect
[INFO (version 1) 01:40:52] projectbuendia@localhost (mongo) took 463 ms to connect
SLF4J: Failed to load class "org.slf4j.impl.StaticLoggerBinder".
SLF4J: Defaulting to no-operation (NOP) logger implementation
SLF4J: See http://www.slf4j.org/codes.html#StaticLoggerBinder for further details.
java.net.SocketException: Permission denied
	at sun.nio.ch.Net.bind0(Native Method)
	at sun.nio.ch.Net.bind(Net.java:444)
	at sun.nio.ch.Net.bind(Net.java:436)
	at sun.nio.ch.ServerSocketChannelImpl.bind(ServerSocketChannelImpl.java:214)
	at sun.nio.ch.ServerSocketAdaptor.bind(ServerSocketAdaptor.java:74)
	at org.eclipse.jetty.server.ServerConnector.open(ServerConnector.java:264)
	at org.eclipse.jetty.server.AbstractNetworkConnector.doStart(AbstractNetworkConnector.java:80)
	at org.eclipse.jetty.util.component.AbstractLifeCycle.start(AbstractLifeCycle.java:69)
	at org.eclipse.jetty.server.Server.doStart(Server.java:303)
	at org.eclipse.jetty.util.component.AbstractLifeCycle.start(AbstractLifeCycle.java:69)
	at web.JettyServer.start(JettyServer.java:18)
	at server.Server.main(Server.java:140)
	at sun.reflect.NativeMethodAccessorImpl.invoke0(Native Method)
	at sun.reflect.NativeMethodAccessorImpl.invoke(NativeMethodAccessorImpl.java:57)
	at sun.reflect.DelegatingMethodAccessorImpl.invoke(DelegatingMethodAccessorImpl.java:43)
	at java.lang.reflect.Method.invoke(Method.java:606)
	at com.intellij.rt.execution.application.AppMain.main(AppMain.java:134)
[RESTART (version 1) 01:41:06] --------------------------------------------------------------------
[INFO (version 1) 01:41:06] The server was restarted
[INFO (version 1) 01:41:06] msf.db (sqlite) took 642 ms to connect
[INFO (version 1) 01:41:06] projectbuendia@localhost (mongo) took 145 ms to connect
SLF4J: Failed to load class "org.slf4j.impl.StaticLoggerBinder".
SLF4J: Defaulting to no-operation (NOP) logger implementation
SLF4J: See http://www.slf4j.org/codes.html#StaticLoggerBinder for further details.
[RESTART (version 1) 01:42:40] --------------------------------------------------------------------
[INFO (version 1) 01:42:40] The server was restarted
[INFO (version 1) 01:42:40] msf.db (sqlite) took 619 ms to connect
[INFO (version 1) 01:42:40] projectbuendia@localhost (mongo) took 140 ms to connect
SLF4J: Failed to load class "org.slf4j.impl.StaticLoggerBinder".
SLF4J: Defaulting to no-operation (NOP) logger implementation
SLF4J: See http://www.slf4j.org/codes.html#StaticLoggerBinder for further details.
[RESTART (version 1) 01:43:07] --------------------------------------------------------------------
[INFO (version 1) 01:43:07] The server was restarted
[INFO (version 1) 01:43:07] msf.db (sqlite) took 642 ms to connect
[INFO (version 1) 01:43:07] projectbuendia@localhost (mongo) took 147 ms to connect
SLF4J: Failed to load class "org.slf4j.impl.StaticLoggerBinder".
SLF4J: Defaulting to no-operation (NOP) logger implementation
SLF4J: See http://www.slf4j.org/codes.html#StaticLoggerBinder for further details.
