[RESTART (version 1) 13:03:30] --------------------------------------------------------------------
[INFO (version 1) 13:03:30] The server was restarted
[CRUCIAL (version 1) 13:03:30]java.lang.Exception
	at server.Server.main(Server.java:39)
	at sun.reflect.NativeMethodAccessorImpl.invoke0(Native Method)
	at sun.reflect.NativeMethodAccessorImpl.invoke(NativeMethodAccessorImpl.java:57)
	at sun.reflect.DelegatingMethodAccessorImpl.invoke(DelegatingMethodAccessorImpl.java:43)
	at java.lang.reflect.Method.invoke(Method.java:606)
	at com.intellij.rt.execution.application.AppMain.main(AppMain.java:134)
[RESTART (version 1) 13:04:00] --------------------------------------------------------------------
[INFO (version 1) 13:04:00] The server was restarted
[CRUCIAL (version 1) 13:04:00]java.lang.Exception
	at server.Server.main(Server.java:39)
	at sun.reflect.NativeMethodAccessorImpl.invoke0(Native Method)
	at sun.reflect.NativeMethodAccessorImpl.invoke(NativeMethodAccessorImpl.java:57)
	at sun.reflect.DelegatingMethodAccessorImpl.invoke(DelegatingMethodAccessorImpl.java:43)
	at java.lang.reflect.Method.invoke(Method.java:606)
	at com.intellij.rt.execution.application.AppMain.main(AppMain.java:134)
[WARNING (version 1) 13:04:16] Configuration file was not found in project root. Now running from config.Config default properties
[RESTART (version 1) 13:04:16] --------------------------------------------------------------------
[INFO (version 1) 13:04:16] The server was restarted
